<?xml version="1.0" encoding="UTF-8" ?>
<testsuite tests="2" failures="0" name="test.ThreadTest" time="24.075" errors="1" skipped="0">
  <properties>
    <property name="idea.version" value="2017.2.5"/>
    <property name="java.runtime.name" value="Java(TM) SE Runtime Environment"/>
    <property name="sun.boot.library.path" value="C:\Program Files (x86)\Java\jdk1.8.0_73\jre\bin"/>
    <property name="java.vm.version" value="25.73-b02"/>
    <property name="java.vm.vendor" value="Oracle Corporation"/>
    <property name="maven.multiModuleProjectDirectory" value="D:\repository\GraduationDesign"/>
    <property name="java.vendor.url" value="http://java.oracle.com/"/>
    <property name="path.separator" value=";"/>
    <property name="guice.disable.misplaced.annotation.check" value="true"/>
    <property name="java.vm.name" value="Java HotSpot(TM) Client VM"/>
    <property name="file.encoding.pkg" value="sun.io"/>
    <property name="user.script" value=""/>
    <property name="user.country" value="CN"/>
    <property name="sun.java.launcher" value="SUN_STANDARD"/>
    <property name="sun.os.patch.level" value=""/>
    <property name="java.vm.specification.name" value="Java Virtual Machine Specification"/>
    <property name="user.dir" value="D:\repository\GraduationDesign"/>
    <property name="java.runtime.version" value="1.8.0_73-b02"/>
    <property name="java.awt.graphicsenv" value="sun.awt.Win32GraphicsEnvironment"/>
    <property name="java.endorsed.dirs" value="C:\Program Files (x86)\Java\jdk1.8.0_73\jre\lib\endorsed"/>
    <property name="os.arch" value="x86"/>
    <property name="java.io.tmpdir" value="C:\Users\世哲\AppData\Local\Temp\"/>
    <property name="line.separator" value="
"/>
    <property name="java.vm.specification.vendor" value="Oracle Corporation"/>
    <property name="user.variant" value=""/>
    <property name="os.name" value="Windows 10"/>
    <property name="classworlds.conf" value="C:\Program Files\JetBrains\IntelliJ IDEA 2017.2\plugins\maven\lib\maven3\bin\m2.conf"/>
    <property name="sun.jnu.encoding" value="GBK"/>
    <property name="java.library.path" value="C:\Program Files (x86)\Java\jdk1.8.0_73\bin;C:\WINDOWS\Sun\Java\bin;C:\WINDOWS\system32;C:\WINDOWS;C:\product\11.2.0\dbhome_3\bin;C:\app\世哲\product\11.2.0\dbhome_2\bin;C;\app\世哲\product\11.2.0\dbhome_1\bin;C;\ProgramData\Oracle\Java\javapath;C:\Program Files (x86)\Intel\iCLS Client\;C:\Program Files\Intel\iCLS Client\;C:\Windows\system32;C:\Windows;C:\Windows\System32\Wbem;C:\Windows\System32\WindowsPowerShell\v1.0\;C:\Program Files (x86)\Acer\abFiles\;C:\Program Files\Intel\Intel(R) Management Engine Components\DAL;C:\Program Files (x86)\Intel\Intel(R) Management Engine Components\DAL;C:\Program Files\Intel\Intel(R) Management Engine Components\IPT;C:\Program Files (x86)\Intel\Intel(R) Management Engine Components\IPT;C:\WINDOWS\system32;C:\WINDOWS;C:\WINDOWS\System32\Wbem;C:\WINDOWS\System32\WindowsPowerShell\v1.0\;C:\Program Files (x86)\Windows Kits\8.1\Windows Performance Toolkit\;C:\Program Files\Microsoft SQL Server\110\Tools\Binn\;C:\Program Files (x86)\NVIDIA Corporation\PhysX\Common;C:\Program Files (x86)\Java\jdk1.8.0_73\bin;C:\Program Files (x86)\MySQL\MySQL Fabric 1.5 &amp; MySQL Utilities 1.5\;C:\Program Files (x86)\MySQL\MySQL Fabric 1.5 &amp; MySQL Utilities 1.5\Doctrine extensions for PHP\;C:\Program Files\MySQL\MySQL Server 5.7\bin;C:\Program Files\Microsoft SQL Server\120\DTS\Binn\;C:\Program Files\Microsoft SQL Server\Client SDK\ODBC\110\Tools\Binn\;C:\Program Files (x86)\Microsoft SQL Server\120\Tools\Binn\;C:\Program Files\Microsoft SQL Server\120\Tools\Binn\;C:\Program Files (x86)\Microsoft SQL Server\120\Tools\Binn\ManagementStudio\;C:\Program Files (x86)\Microsoft SQL Server\120\DTS\Binn\;c:\Program Files (x86)\Microsoft SQL Server\110\Tools\Binn\;c:\Program Files\Microsoft SQL Server\110\DTS\Binn\;C:\WINDOWS\system32;C:\WINDOWS;C:\WINDOWS\System32\Wbem;C:\WINDOWS\System32\WindowsPowerShell\v1.0\;C:\Program Files (x86)\GtkSharp\2.12\bin;C:\Program Files\Common Files\Autodesk Shared\;C:\Program Files (x86)\Autodesk\Backburner\;C:\Users\世哲\AppData\Local\Microsoft\WindowsApps;C:\product\ffmpeg-20170503-a75ef15-win64-static\bin;C:\product\apache-maven-3.5.0\bin;&quot;C:\WINDOWS\system32;C:\WINDOWS;&quot;;C:\Users\世哲\AppData\Local\GitHubDesktop\bin;%USERPROFILE%\AppData\Local\Microsoft\WindowsApps;;."/>
    <property name="java.specification.name" value="Java Platform API Specification"/>
    <property name="java.class.version" value="52.0"/>
    <property name="sun.management.compiler" value="HotSpot Client Compiler"/>
    <property name="os.version" value="10.0"/>
    <property name="user.home" value="C:\Users\世哲"/>
    <property name="user.timezone" value="Asia/Shanghai"/>
    <property name="java.awt.printerjob" value="sun.awt.windows.WPrinterJob"/>
    <property name="java.specification.version" value="1.8"/>
    <property name="file.encoding" value="UTF-8"/>
    <property name="user.name" value="世哲"/>
    <property name="java.class.path" value="C:\Program Files\JetBrains\IntelliJ IDEA 2017.2\plugins\maven\lib\maven3\boot\plexus-classworlds-2.5.2.jar;C:\Program Files\JetBrains\IntelliJ IDEA 2017.2\lib\idea_rt.jar"/>
    <property name="java.vm.specification.version" value="1.8"/>
    <property name="sun.arch.data.model" value="32"/>
    <property name="java.home" value="C:\Program Files (x86)\Java\jdk1.8.0_73\jre"/>
    <property name="sun.java.command" value="org.codehaus.classworlds.Launcher -Didea.version=2017.2.5 install"/>
    <property name="java.specification.vendor" value="Oracle Corporation"/>
    <property name="user.language" value="zh"/>
    <property name="awt.toolkit" value="sun.awt.windows.WToolkit"/>
    <property name="java.vm.info" value="mixed mode"/>
    <property name="java.version" value="1.8.0_73"/>
    <property name="java.ext.dirs" value="C:\Program Files (x86)\Java\jdk1.8.0_73\jre\lib\ext;C:\WINDOWS\Sun\Java\lib\ext"/>
    <property name="sun.boot.class.path" value="C:\Program Files (x86)\Java\jdk1.8.0_73\jre\lib\resources.jar;C:\Program Files (x86)\Java\jdk1.8.0_73\jre\lib\rt.jar;C:\Program Files (x86)\Java\jdk1.8.0_73\jre\lib\sunrsasign.jar;C:\Program Files (x86)\Java\jdk1.8.0_73\jre\lib\jsse.jar;C:\Program Files (x86)\Java\jdk1.8.0_73\jre\lib\jce.jar;C:\Program Files (x86)\Java\jdk1.8.0_73\jre\lib\charsets.jar;C:\Program Files (x86)\Java\jdk1.8.0_73\jre\lib\jfr.jar;C:\Program Files (x86)\Java\jdk1.8.0_73\jre\classes"/>
    <property name="java.vendor" value="Oracle Corporation"/>
    <property name="maven.home" value="C:\Program Files\JetBrains\IntelliJ IDEA 2017.2\plugins\maven\lib\maven3"/>
    <property name="file.separator" value="\"/>
    <property name="java.vendor.url.bug" value="http://bugreport.sun.com/bugreport/"/>
    <property name="sun.cpu.endian" value="little"/>
    <property name="sun.io.unicode.encoding" value="UnicodeLittle"/>
    <property name="sun.desktop" value="windows"/>
    <property name="sun.cpu.isalist" value="pentium_pro+mmx pentium_pro pentium+mmx pentium i486 i386 i86"/>
  </properties>
  <testcase classname="test.ThreadTest" name="testThreadMXBean" time="4.809"/>
  <testcase classname="test.ThreadTest" name="testThread" time="19.266">
    <error message="Java heap space" type="java.lang.OutOfMemoryError">java.lang.OutOfMemoryError: Java heap space
</error>
    <system-out>2=====================================
26 pool-2-thread-3
25 pool-2-thread-2
24 pool-2-thread-1
23 ForkJoinPool.commonPool-worker-7
22 ForkJoinPool.commonPool-worker-6
21 ForkJoinPool.commonPool-worker-5
20 ForkJoinPool.commonPool-worker-4
19 ForkJoinPool.commonPool-worker-3
18 ForkJoinPool.commonPool-worker-2
17 ForkJoinPool.commonPool-worker-1
16 pool-1-thread-8
15 pool-1-thread-7
14 pool-1-thread-6
13 pool-1-thread-5
12 pool-1-thread-4
11 pool-1-thread-3
10 pool-1-thread-2
9 pool-1-thread-1
5 Attach Listener
4 Signal Dispatcher
3 Finalizer
2 Reference Handler
1 main
26 pool-2-thread-3
25 pool-2-thread-2
24 pool-2-thread-1
23 ForkJoinPool.commonPool-worker-7
22 ForkJoinPool.commonPool-worker-6
21 ForkJoinPool.commonPool-worker-5
20 ForkJoinPool.commonPool-worker-4
19 ForkJoinPool.commonPool-worker-3
18 ForkJoinPool.commonPool-worker-2
17 ForkJoinPool.commonPool-worker-1
16 pool-1-thread-8
15 pool-1-thread-7
14 pool-1-thread-6
13 pool-1-thread-5
12 pool-1-thread-4
11 pool-1-thread-3
10 pool-1-thread-2
9 pool-1-thread-1
5 Attach Listener
4 Signal Dispatcher
3 Finalizer
2 Reference Handler
1 main
5=====================================
11=====================================
26 pool-2-thread-3
25 pool-2-thread-2
24 pool-2-thread-1
23 ForkJoinPool.commonPool-worker-7
22 ForkJoinPool.commonPool-worker-6
21 ForkJoinPool.commonPool-worker-5
20 ForkJoinPool.commonPool-worker-4
19 ForkJoinPool.commonPool-worker-3
18 ForkJoinPool.commonPool-worker-2
17 ForkJoinPool.commonPool-worker-1
16 pool-1-thread-8
15 pool-1-thread-7
14 pool-1-thread-6
13 pool-1-thread-5
12 pool-1-thread-4
11 pool-1-thread-3
10 pool-1-thread-2
9 pool-1-thread-1
5 Attach Listener
4 Signal Dispatcher
3 Finalizer
2 Reference Handler
1 main
17=====================================
26 pool-2-thread-3
25 pool-2-thread-2
24 pool-2-thread-1
23 ForkJoinPool.commonPool-worker-7
22 ForkJoinPool.commonPool-worker-6
21 ForkJoinPool.commonPool-worker-5
20 ForkJoinPool.commonPool-worker-4
19 ForkJoinPool.commonPool-worker-3
18 ForkJoinPool.commonPool-worker-2
17 ForkJoinPool.commonPool-worker-1
16 pool-1-thread-8
15 pool-1-thread-7
14 pool-1-thread-6
13 pool-1-thread-5
12 pool-1-thread-4
11 pool-1-thread-3
10 pool-1-thread-2
9 pool-1-thread-1
5 Attach Listener
4 Signal Dispatcher
3 Finalizer
2 Reference Handler
1 main
31=====================================
</system-out>
  </testcase>
</testsuite>